-------------------------------------------------------------------------------
Test set: AppTest
-------------------------------------------------------------------------------
Tests run: 2, Failures: 1, Errors: 0, Skipped: 0, Time elapsed: 0.1 s <<< FAILURE! - in AppTest
AppTest.testAdd  Time elapsed: 0.016 s  <<< FAILURE!
java.lang.AssertionError: expected:<2> but was:<3>
	at AppTest.testAdd(AppTest.java:25)

