<?xml version="1.0" encoding="UTF-8"?>
<testsuite xmlns:xsi="http://www.w3.org/2001/XMLSchema-instance" xsi:noNamespaceSchemaLocation="https://maven.apache.org/surefire/maven-surefire-plugin/xsd/surefire-test-report-3.0.xsd" version="3.0" name="AppTest" time="0.007" tests="2" errors="0" skipped="0" failures="0">
  <properties>
[...]
</properties>
  <testcase name="testAdd" classname="AppTest" time="0.001">
    <system-out><![CDATA[add_result:3
]]></system-out>
  </testcase>
  <testcase name="testSubtract" classname="AppTest" time="0">
    <system-out><![CDATA[sub_result:-1
]]></system-out>
  </testcase>
</testsuite>